2025-10-27 11:44:51.886 | DEBUG    | wa_analyzer.preprocess:<module>:18 - Python path: ['/Users/floridomeacci/Documents/hu-florido-v2/src', '/Users/floridomeacci/.local/share/uv/python/cpython-3.12.11-macos-aarch64-none/lib/python312.zip', '/Users/floridomeacci/.local/share/uv/python/cpython-3.12.11-macos-aarch64-none/lib/python3.12', '/Users/floridomeacci/.local/share/uv/python/cpython-3.12.11-macos-aarch64-none/lib/python3.12/lib-dynload', '/Users/floridomeacci/Documents/hu-florido-v2/.venv/lib/python3.12/site-packages']
2025-10-27 11:44:51.887 | WARNING  | __main__:main:20 - /Users/floridomeacci/Documents/hu-florido-v2/output.csv does not exist. Please check the path in config.toml.
2025-10-27 11:44:51.887 | INFO     | wa_analyzer.preprocess:main:80 - Using old version regexes
2025-10-27 11:44:51.898 | INFO     | wa_analyzer.preprocess:process:68 - Found 2568 records
2025-10-27 11:44:51.898 | INFO     | wa_analyzer.preprocess:process:69 - Appended 105 records
2025-10-27 11:44:51.900 | INFO     | wa_analyzer.preprocess:save:34 - Writing to data/processed/whatsapp-20251027-114451.csv
2025-10-27 11:44:51.906 | SUCCESS  | wa_analyzer.preprocess:save:36 - Done!
2025-10-27 11:44:51.920 | INFO     | __main__:main:79 - Unique authors BEFORE mapping (7): ['Alberto Doncato', 'Fei', 'Florido Meacci', 'Ludovica', 'Ramunė Meacci', 'Shuyan', 'Unknown']
2025-10-27 11:44:51.920 | WARNING  | __main__:main:119 - anon_reference.json not found; applying fallback pseudonymization
2025-10-27 11:44:51.922 | INFO     | __main__:main:143 - Fallback pseudonymization produced 7 unique pseudonyms
2025-10-27 11:44:51.923 | INFO     | __main__:main:178 - Applied couples mapping using author_orig (matched 2565)
2025-10-27 11:44:51.924 | INFO     | __main__:main:216 - Applied gender mapping using author_orig (matched 2565)
2025-10-27 11:44:51.924 | INFO     | __main__:main:228 - Gender distribution: {'male': 1285, 'female': 1280, 'unknown': 3}
2025-10-27 11:44:51.965 | INFO     | __main__:main:255 - Removed 1 intermediate whatsapp-*.csv file(s)
2025-10-27 11:44:51.965 | SUCCESS  | __main__:main:257 - Cleaned & anonymized messages written to /Users/floridomeacci/Documents/hu-florido-v2/data/processed/output.csv and /Users/floridomeacci/Documents/hu-florido-v2/data/processed/output.parq
2025-10-27 14:18:12.530 | DEBUG    | wa_analyzer.preprocess:<module>:18 - Python path: ['/Users/floridomeacci/Documents/hu-florido-v2/src', '/Users/floridomeacci/.local/share/uv/python/cpython-3.12.11-macos-aarch64-none/lib/python312.zip', '/Users/floridomeacci/.local/share/uv/python/cpython-3.12.11-macos-aarch64-none/lib/python3.12', '/Users/floridomeacci/.local/share/uv/python/cpython-3.12.11-macos-aarch64-none/lib/python3.12/lib-dynload', '/Users/floridomeacci/Documents/hu-florido-v2/.venv/lib/python3.12/site-packages']
2025-10-27 14:18:12.530 | WARNING  | __main__:main:20 - /Users/floridomeacci/Documents/hu-florido-v2/output.csv does not exist. Please check the path in config.toml.
2025-10-27 14:18:12.531 | INFO     | wa_analyzer.preprocess:main:80 - Using old version regexes
2025-10-27 14:18:12.542 | INFO     | wa_analyzer.preprocess:process:68 - Found 2568 records
2025-10-27 14:18:12.542 | INFO     | wa_analyzer.preprocess:process:69 - Appended 105 records
2025-10-27 14:18:12.544 | INFO     | wa_analyzer.preprocess:save:34 - Writing to data/processed/whatsapp-20251027-141812.csv
2025-10-27 14:18:12.549 | SUCCESS  | wa_analyzer.preprocess:save:36 - Done!
2025-10-27 14:18:12.555 | INFO     | __main__:main:60 - Added gender column: {'male': 1285, 'female': 1280, 'unknown': 3}
2025-10-27 14:18:12.563 | INFO     | __main__:main:101 - Unique authors BEFORE mapping (7): ['Alberto Doncato', 'Fei', 'Florido Meacci', 'Ludovica', 'Ramunė Meacci', 'Shuyan', 'Unknown']
2025-10-27 14:18:12.563 | WARNING  | __main__:main:142 - anon_reference.json not found; applying fallback pseudonymization
2025-10-27 14:18:12.566 | INFO     | __main__:main:166 - Fallback pseudonymization produced 7 unique pseudonyms
2025-10-27 14:18:12.567 | INFO     | __main__:main:187 - Applied couples mapping using author_orig (matched 2565)
2025-10-27 14:18:12.593 | WARNING  | __main__:main:210 - Could not write parquet file: ("Expected bytes, got a 'dict' object", 'Conversion failed for column couples with type object')
2025-10-27 14:18:12.599 | INFO     | __main__:main:229 - Removed 1 intermediate whatsapp-*.csv file(s)
2025-10-27 14:18:12.599 | SUCCESS  | __main__:main:231 - Cleaned & anonymized messages written to /Users/floridomeacci/Documents/hu-florido-v2/data/processed/output.csv and /Users/floridomeacci/Documents/hu-florido-v2/data/processed/output.parq
2025-10-28 17:19:13.398 | DEBUG    | wa_analyzer.preprocess:<module>:18 - Python path: ['/Users/floridomeacci/Documents/hu-florido-v2/src', '/Users/floridomeacci/.local/share/uv/python/cpython-3.12.11-macos-aarch64-none/lib/python312.zip', '/Users/floridomeacci/.local/share/uv/python/cpython-3.12.11-macos-aarch64-none/lib/python3.12', '/Users/floridomeacci/.local/share/uv/python/cpython-3.12.11-macos-aarch64-none/lib/python3.12/lib-dynload', '/Users/floridomeacci/Documents/hu-florido-v2/.venv/lib/python3.12/site-packages']
2025-10-28 17:19:13.398 | WARNING  | __main__:main:20 - /Users/floridomeacci/Documents/hu-florido-v2/output.csv does not exist. Please check the path in config.toml.
2025-10-28 17:19:13.399 | INFO     | wa_analyzer.preprocess:main:80 - Using old version regexes
2025-10-28 17:19:13.399 | INFO     | wa_analyzer.preprocess:process:68 - Found 0 records
2025-10-28 17:19:13.399 | INFO     | wa_analyzer.preprocess:process:69 - Appended 0 records
2025-10-28 17:19:13.401 | INFO     | wa_analyzer.preprocess:save:34 - Writing to data/processed/whatsapp-20251028-171913.csv
2025-10-28 17:19:13.402 | SUCCESS  | wa_analyzer.preprocess:save:36 - Done!
2025-10-28 17:19:13.404 | INFO     | __main__:main:60 - Added gender column: {}
2025-10-28 17:19:13.406 | INFO     | __main__:main:101 - Unique authors BEFORE mapping (0): []
2025-10-28 17:19:13.406 | WARNING  | __main__:main:142 - anon_reference.json not found; applying fallback pseudonymization
2025-10-28 17:19:13.406 | INFO     | __main__:main:166 - Fallback pseudonymization produced 0 unique pseudonyms
2025-10-28 17:19:13.407 | WARNING  | __main__:main:192 - couples_reference.json present but no names matched; leaving as single
2025-10-28 17:19:13.435 | INFO     | __main__:main:229 - Removed 1 intermediate whatsapp-*.csv file(s)
2025-10-28 17:19:13.435 | SUCCESS  | __main__:main:231 - Cleaned & anonymized messages written to /Users/floridomeacci/Documents/hu-florido-v2/data/processed/output.csv and /Users/floridomeacci/Documents/hu-florido-v2/data/processed/output.parq
2025-10-28 17:21:26.533 | DEBUG    | wa_analyzer.preprocess:<module>:18 - Python path: ['/Users/floridomeacci/Documents/hu-florido-v2/src', '/Users/floridomeacci/.local/share/uv/python/cpython-3.12.11-macos-aarch64-none/lib/python312.zip', '/Users/floridomeacci/.local/share/uv/python/cpython-3.12.11-macos-aarch64-none/lib/python3.12', '/Users/floridomeacci/.local/share/uv/python/cpython-3.12.11-macos-aarch64-none/lib/python3.12/lib-dynload', '/Users/floridomeacci/Documents/hu-florido-v2/.venv/lib/python3.12/site-packages']
2025-10-28 17:21:26.533 | WARNING  | __main__:main:20 - /Users/floridomeacci/Documents/hu-florido-v2/output.csv does not exist. Please check the path in config.toml.
2025-10-28 17:21:26.534 | INFO     | wa_analyzer.preprocess:main:80 - Using old version regexes
2025-10-28 17:21:26.545 | INFO     | wa_analyzer.preprocess:process:68 - Found 2628 records
2025-10-28 17:21:26.545 | INFO     | wa_analyzer.preprocess:process:69 - Appended 108 records
2025-10-28 17:21:26.547 | INFO     | wa_analyzer.preprocess:save:34 - Writing to data/processed/whatsapp-20251028-172126.csv
2025-10-28 17:21:26.555 | SUCCESS  | wa_analyzer.preprocess:save:36 - Done!
2025-10-28 17:21:26.561 | INFO     | __main__:main:60 - Added gender column: {'female': 1310, 'male': 993, 'unknown': 325}
2025-10-28 17:21:26.571 | INFO     | __main__:main:101 - Unique authors BEFORE mapping (8): ['+31 6 49666835', 'Alberto Doncato', 'Fei', 'Florido Meacci', 'Ludovica', 'Ramunė Meacci', 'Shuyan', 'Unknown']
2025-10-28 17:21:26.571 | WARNING  | __main__:main:142 - anon_reference.json not found; applying fallback pseudonymization
2025-10-28 17:21:26.573 | INFO     | __main__:main:166 - Fallback pseudonymization produced 8 unique pseudonyms
2025-10-28 17:21:26.575 | INFO     | __main__:main:187 - Applied couples mapping using author_orig (matched 2303)
2025-10-28 17:21:26.604 | WARNING  | __main__:main:210 - Could not write parquet file: ("Expected bytes, got a 'dict' object", 'Conversion failed for column couples with type object')
2025-10-28 17:21:26.611 | INFO     | __main__:main:229 - Removed 1 intermediate whatsapp-*.csv file(s)
2025-10-28 17:21:26.611 | SUCCESS  | __main__:main:231 - Cleaned & anonymized messages written to /Users/floridomeacci/Documents/hu-florido-v2/data/processed/output.csv and /Users/floridomeacci/Documents/hu-florido-v2/data/processed/output.parq
2025-10-28 17:21:33.412 | DEBUG    | wa_analyzer.preprocess:<module>:18 - Python path: ['/Users/floridomeacci/Documents/hu-florido-v2/src', '/Users/floridomeacci/.local/share/uv/python/cpython-3.12.11-macos-aarch64-none/lib/python312.zip', '/Users/floridomeacci/.local/share/uv/python/cpython-3.12.11-macos-aarch64-none/lib/python3.12', '/Users/floridomeacci/.local/share/uv/python/cpython-3.12.11-macos-aarch64-none/lib/python3.12/lib-dynload', '/Users/floridomeacci/Documents/hu-florido-v2/.venv/lib/python3.12/site-packages']
2025-10-28 17:21:33.413 | WARNING  | __main__:main:20 - /Users/floridomeacci/Documents/hu-florido-v2/output.csv does not exist. Please check the path in config.toml.
2025-10-28 17:21:33.413 | INFO     | wa_analyzer.preprocess:main:80 - Using old version regexes
2025-10-28 17:21:33.424 | INFO     | wa_analyzer.preprocess:process:68 - Found 2628 records
2025-10-28 17:21:33.424 | INFO     | wa_analyzer.preprocess:process:69 - Appended 108 records
2025-10-28 17:21:33.425 | INFO     | wa_analyzer.preprocess:save:34 - Writing to data/processed/whatsapp-20251028-172133.csv
2025-10-28 17:21:33.431 | SUCCESS  | wa_analyzer.preprocess:save:36 - Done!
2025-10-28 17:21:33.435 | INFO     | __main__:main:60 - Added gender column: {'female': 1310, 'male': 993, 'unknown': 325}
2025-10-28 17:21:33.445 | INFO     | __main__:main:101 - Unique authors BEFORE mapping (8): ['+31 6 49666835', 'Alberto Doncato', 'Fei', 'Florido Meacci', 'Ludovica', 'Ramunė Meacci', 'Shuyan', 'Unknown']
2025-10-28 17:21:33.445 | WARNING  | __main__:main:142 - anon_reference.json not found; applying fallback pseudonymization
2025-10-28 17:21:33.448 | INFO     | __main__:main:166 - Fallback pseudonymization produced 8 unique pseudonyms
2025-10-28 17:21:33.449 | INFO     | __main__:main:187 - Applied couples mapping using author_orig (matched 2303)
2025-10-28 17:21:33.468 | WARNING  | __main__:main:210 - Could not write parquet file: ("Expected bytes, got a 'dict' object", 'Conversion failed for column couples with type object')
2025-10-28 17:21:33.474 | INFO     | __main__:main:229 - Removed 1 intermediate whatsapp-*.csv file(s)
2025-10-28 17:21:33.474 | SUCCESS  | __main__:main:231 - Cleaned & anonymized messages written to /Users/floridomeacci/Documents/hu-florido-v2/data/processed/output.csv and /Users/floridomeacci/Documents/hu-florido-v2/data/processed/output.parq
2025-10-28 17:27:45.085 | DEBUG    | wa_analyzer.preprocess:<module>:18 - Python path: ['/Users/floridomeacci/Documents/hu-florido-v2/src', '/Users/floridomeacci/.local/share/uv/python/cpython-3.12.11-macos-aarch64-none/lib/python312.zip', '/Users/floridomeacci/.local/share/uv/python/cpython-3.12.11-macos-aarch64-none/lib/python3.12', '/Users/floridomeacci/.local/share/uv/python/cpython-3.12.11-macos-aarch64-none/lib/python3.12/lib-dynload', '/Users/floridomeacci/Documents/hu-florido-v2/.venv/lib/python3.12/site-packages']
2025-10-28 17:27:45.086 | WARNING  | __main__:main:20 - /Users/floridomeacci/Documents/hu-florido-v2/output.csv does not exist. Please check the path in config.toml.
2025-10-28 17:27:45.087 | INFO     | wa_analyzer.preprocess:main:80 - Using old version regexes
2025-10-28 17:27:45.098 | INFO     | wa_analyzer.preprocess:process:68 - Found 2628 records
2025-10-28 17:27:45.098 | INFO     | wa_analyzer.preprocess:process:69 - Appended 108 records
2025-10-28 17:27:45.102 | INFO     | wa_analyzer.preprocess:save:34 - Writing to data/processed/whatsapp-20251028-172745.csv
2025-10-28 17:27:45.109 | SUCCESS  | wa_analyzer.preprocess:save:36 - Done!
2025-10-28 17:27:45.117 | INFO     | __main__:main:60 - Added gender column: {'female': 1310, 'male': 993, 'unknown': 325}
2025-10-28 17:27:45.126 | INFO     | __main__:main:101 - Unique authors BEFORE mapping (8): ['+31 6 49666835', 'Alberto Doncato', 'Fei', 'Florido Meacci', 'Ludovica', 'Ramunė Meacci', 'Shuyan', 'Unknown']
2025-10-28 17:27:45.126 | WARNING  | __main__:main:142 - anon_reference.json not found; applying fallback pseudonymization
2025-10-28 17:27:45.129 | INFO     | __main__:main:166 - Fallback pseudonymization produced 8 unique pseudonyms
2025-10-28 17:27:45.130 | INFO     | __main__:main:187 - Applied couples mapping using author_orig (matched 2303)
2025-10-28 17:27:45.160 | WARNING  | __main__:main:210 - Could not write parquet file: ("Expected bytes, got a 'dict' object", 'Conversion failed for column couples with type object')
2025-10-28 17:27:45.167 | INFO     | __main__:main:229 - Removed 1 intermediate whatsapp-*.csv file(s)
2025-10-28 17:27:45.167 | SUCCESS  | __main__:main:231 - Cleaned & anonymized messages written to /Users/floridomeacci/Documents/hu-florido-v2/data/processed/output.csv and /Users/floridomeacci/Documents/hu-florido-v2/data/processed/output.parq
2025-10-28 17:27:56.143 | DEBUG    | wa_analyzer.preprocess:<module>:18 - Python path: ['/Users/floridomeacci/Documents/hu-florido-v2/src', '/Users/floridomeacci/.local/share/uv/python/cpython-3.12.11-macos-aarch64-none/lib/python312.zip', '/Users/floridomeacci/.local/share/uv/python/cpython-3.12.11-macos-aarch64-none/lib/python3.12', '/Users/floridomeacci/.local/share/uv/python/cpython-3.12.11-macos-aarch64-none/lib/python3.12/lib-dynload', '/Users/floridomeacci/Documents/hu-florido-v2/.venv/lib/python3.12/site-packages']
2025-10-28 17:27:56.143 | WARNING  | __main__:main:20 - /Users/floridomeacci/Documents/hu-florido-v2/output.csv does not exist. Please check the path in config.toml.
2025-10-28 17:27:56.144 | INFO     | wa_analyzer.preprocess:main:80 - Using old version regexes
2025-10-28 17:27:56.157 | INFO     | wa_analyzer.preprocess:process:68 - Found 2628 records
2025-10-28 17:27:56.157 | INFO     | wa_analyzer.preprocess:process:69 - Appended 108 records
2025-10-28 17:27:56.159 | INFO     | wa_analyzer.preprocess:save:34 - Writing to data/processed/whatsapp-20251028-172756.csv
2025-10-28 17:27:56.166 | SUCCESS  | wa_analyzer.preprocess:save:36 - Done!
2025-10-28 17:27:56.172 | INFO     | __main__:main:60 - Added gender column: {'female': 1310, 'male': 993, 'unknown': 325}
2025-10-28 17:27:56.184 | INFO     | __main__:main:101 - Unique authors BEFORE mapping (8): ['+31 6 49666835', 'Alberto Doncato', 'Fei', 'Florido Meacci', 'Ludovica', 'Ramunė Meacci', 'Shuyan', 'Unknown']
2025-10-28 17:27:56.184 | WARNING  | __main__:main:142 - anon_reference.json not found; applying fallback pseudonymization
2025-10-28 17:27:56.188 | INFO     | __main__:main:166 - Fallback pseudonymization produced 8 unique pseudonyms
2025-10-28 17:27:56.189 | INFO     | __main__:main:187 - Applied couples mapping using author_orig (matched 2303)
2025-10-28 17:27:56.216 | WARNING  | __main__:main:210 - Could not write parquet file: ("Expected bytes, got a 'dict' object", 'Conversion failed for column couples with type object')
2025-10-28 17:27:56.225 | INFO     | __main__:main:229 - Removed 1 intermediate whatsapp-*.csv file(s)
2025-10-28 17:27:56.225 | SUCCESS  | __main__:main:231 - Cleaned & anonymized messages written to /Users/floridomeacci/Documents/hu-florido-v2/data/processed/output.csv and /Users/floridomeacci/Documents/hu-florido-v2/data/processed/output.parq
2025-10-28 17:28:25.454 | DEBUG    | wa_analyzer.preprocess:<module>:18 - Python path: ['/Users/floridomeacci/Documents/hu-florido-v2/src', '/Users/floridomeacci/.local/share/uv/python/cpython-3.12.11-macos-aarch64-none/lib/python312.zip', '/Users/floridomeacci/.local/share/uv/python/cpython-3.12.11-macos-aarch64-none/lib/python3.12', '/Users/floridomeacci/.local/share/uv/python/cpython-3.12.11-macos-aarch64-none/lib/python3.12/lib-dynload', '/Users/floridomeacci/Documents/hu-florido-v2/.venv/lib/python3.12/site-packages']
2025-10-28 17:28:25.454 | WARNING  | __main__:main:20 - /Users/floridomeacci/Documents/hu-florido-v2/output.csv does not exist. Please check the path in config.toml.
2025-10-28 17:28:25.455 | INFO     | wa_analyzer.preprocess:main:80 - Using old version regexes
2025-10-28 17:28:25.473 | INFO     | wa_analyzer.preprocess:process:68 - Found 2628 records
2025-10-28 17:28:25.473 | INFO     | wa_analyzer.preprocess:process:69 - Appended 108 records
2025-10-28 17:28:25.475 | INFO     | wa_analyzer.preprocess:save:34 - Writing to data/processed/whatsapp-20251028-172825.csv
2025-10-28 17:28:25.480 | SUCCESS  | wa_analyzer.preprocess:save:36 - Done!
2025-10-28 17:28:25.485 | INFO     | __main__:main:60 - Added gender column: {'female': 1310, 'male': 993, 'unknown': 325}
2025-10-28 17:28:25.495 | INFO     | __main__:main:101 - Unique authors BEFORE mapping (8): ['+31 6 49666835', 'Alberto Doncato', 'Fei', 'Florido Meacci', 'Ludovica', 'Ramunė Meacci', 'Shuyan', 'Unknown']
2025-10-28 17:28:25.495 | WARNING  | __main__:main:142 - anon_reference.json not found; applying fallback pseudonymization
2025-10-28 17:28:25.498 | INFO     | __main__:main:166 - Fallback pseudonymization produced 8 unique pseudonyms
2025-10-28 17:28:25.499 | INFO     | __main__:main:188 - Applied couples mapping using author_orig (matched 2303)
2025-10-28 17:28:25.540 | INFO     | __main__:main:251 - Removed 1 intermediate whatsapp-*.csv file(s)
2025-10-28 17:28:25.540 | SUCCESS  | __main__:main:253 - Cleaned & anonymized messages written to /Users/floridomeacci/Documents/hu-florido-v2/data/processed/output.csv and /Users/floridomeacci/Documents/hu-florido-v2/data/processed/output.parq
2025-10-28 17:32:23.157 | DEBUG    | wa_analyzer.preprocess:<module>:18 - Python path: ['/Users/floridomeacci/Documents/hu-florido-v2/src', '/Users/floridomeacci/.local/share/uv/python/cpython-3.12.11-macos-aarch64-none/lib/python312.zip', '/Users/floridomeacci/.local/share/uv/python/cpython-3.12.11-macos-aarch64-none/lib/python3.12', '/Users/floridomeacci/.local/share/uv/python/cpython-3.12.11-macos-aarch64-none/lib/python3.12/lib-dynload', '/Users/floridomeacci/Documents/hu-florido-v2/.venv/lib/python3.12/site-packages']
2025-10-28 17:32:23.157 | WARNING  | __main__:main:20 - /Users/floridomeacci/Documents/hu-florido-v2/output.csv does not exist. Please check the path in config.toml.
2025-10-28 17:32:23.158 | INFO     | wa_analyzer.preprocess:main:80 - Using old version regexes
2025-10-28 17:32:23.169 | INFO     | wa_analyzer.preprocess:process:68 - Found 2628 records
2025-10-28 17:32:23.169 | INFO     | wa_analyzer.preprocess:process:69 - Appended 108 records
2025-10-28 17:32:23.171 | INFO     | wa_analyzer.preprocess:save:34 - Writing to data/processed/whatsapp-20251028-173223.csv
2025-10-28 17:32:23.177 | SUCCESS  | wa_analyzer.preprocess:save:36 - Done!
2025-10-28 17:32:23.185 | INFO     | __main__:main:60 - Added gender column: {'female': 1310, 'male': 993, 'unknown': 325}
2025-10-28 17:32:23.207 | INFO     | __main__:main:101 - Unique authors BEFORE mapping (8): ['+31 6 49666835', 'Alberto Doncato', 'Fei', 'Florido Meacci', 'Ludovica', 'Ramunė Meacci', 'Shuyan', 'Unknown']
2025-10-28 17:32:23.207 | WARNING  | __main__:main:142 - anon_reference.json not found; applying fallback pseudonymization
2025-10-28 17:32:23.211 | INFO     | __main__:main:166 - Fallback pseudonymization produced 8 unique pseudonyms
2025-10-28 17:32:23.214 | INFO     | __main__:main:188 - Applied couples mapping using author_orig (matched 2303)
2025-10-28 17:32:23.230 | INFO     | __main__:main:267 - Wrote couples/gender mapping for 8 pseudonyms -> /Users/floridomeacci/Documents/hu-florido-v2/data/processed/couples_gender_mapping.json
2025-10-28 17:32:23.297 | INFO     | __main__:main:298 - Removed 1 intermediate whatsapp-*.csv file(s)
2025-10-28 17:32:23.297 | SUCCESS  | __main__:main:300 - Cleaned & anonymized messages written to /Users/floridomeacci/Documents/hu-florido-v2/data/processed/output.csv and /Users/floridomeacci/Documents/hu-florido-v2/data/processed/output.parq
2025-10-28 18:40:34.811 | DEBUG    | wa_analyzer.preprocess:<module>:18 - Python path: ['/Users/floridomeacci/Documents/hu-florido-v2/src', '/Users/floridomeacci/.local/share/uv/python/cpython-3.12.11-macos-aarch64-none/lib/python312.zip', '/Users/floridomeacci/.local/share/uv/python/cpython-3.12.11-macos-aarch64-none/lib/python3.12', '/Users/floridomeacci/.local/share/uv/python/cpython-3.12.11-macos-aarch64-none/lib/python3.12/lib-dynload', '/Users/floridomeacci/Documents/hu-florido-v2/.venv/lib/python3.12/site-packages']
2025-10-28 18:40:34.812 | WARNING  | __main__:main:136 - /Users/floridomeacci/Documents/hu-florido-v2/output.csv does not exist. Please check the path in config.toml.
2025-10-28 18:40:34.812 | INFO     | wa_analyzer.preprocess:main:80 - Using old version regexes
2025-10-28 18:40:34.826 | INFO     | wa_analyzer.preprocess:process:68 - Found 2628 records
2025-10-28 18:40:34.826 | INFO     | wa_analyzer.preprocess:process:69 - Appended 108 records
2025-10-28 18:40:34.828 | INFO     | wa_analyzer.preprocess:save:34 - Writing to data/processed/whatsapp-20251028-184034.csv
2025-10-28 18:40:34.834 | SUCCESS  | wa_analyzer.preprocess:save:36 - Done!
2025-10-28 18:40:34.845 | INFO     | __main__:main:188 - Added gender column: {'female': 1310, 'male': 993, 'unknown': 325}
2025-10-28 18:40:34.853 | INFO     | __main__:main:229 - Unique authors BEFORE mapping (8): ['+31 6 49666835', 'Alberto Doncato', 'Fei', 'Florido Meacci', 'Ludovica', 'Ramunė Meacci', 'Shuyan', 'Unknown']
2025-10-28 18:40:34.854 | WARNING  | __main__:main:270 - anon_reference.json not found; applying fallback pseudonymization
2025-10-28 18:40:34.856 | INFO     | __main__:main:294 - Fallback pseudonymization produced 8 unique pseudonyms
2025-10-28 18:40:34.858 | INFO     | __main__:main:316 - Applied couples mapping using author_orig (matched 2303)
2025-10-28 18:40:34.935 | INFO     | __main__:main:381 - Removed 1 intermediate whatsapp-*.csv file(s)
2025-10-28 18:40:34.935 | SUCCESS  | __main__:main:383 - Cleaned & anonymized messages written to /Users/floridomeacci/Documents/hu-florido-v2/data/processed/output.csv and /Users/floridomeacci/Documents/hu-florido-v2/data/processed/output.parq
2025-10-28 18:40:41.834 | DEBUG    | wa_analyzer.preprocess:<module>:18 - Python path: ['/Users/floridomeacci/Documents/hu-florido-v2/src', '/Users/floridomeacci/.local/share/uv/python/cpython-3.12.11-macos-aarch64-none/lib/python312.zip', '/Users/floridomeacci/.local/share/uv/python/cpython-3.12.11-macos-aarch64-none/lib/python3.12', '/Users/floridomeacci/.local/share/uv/python/cpython-3.12.11-macos-aarch64-none/lib/python3.12/lib-dynload', '/Users/floridomeacci/Documents/hu-florido-v2/.venv/lib/python3.12/site-packages']
2025-10-28 18:40:41.834 | WARNING  | __main__:main:136 - /Users/floridomeacci/Documents/hu-florido-v2/output.csv does not exist. Please check the path in config.toml.
2025-10-28 18:40:41.835 | INFO     | wa_analyzer.preprocess:main:80 - Using old version regexes
2025-10-28 18:40:41.846 | INFO     | wa_analyzer.preprocess:process:68 - Found 2628 records
2025-10-28 18:40:41.846 | INFO     | wa_analyzer.preprocess:process:69 - Appended 108 records
2025-10-28 18:40:41.847 | INFO     | wa_analyzer.preprocess:save:34 - Writing to data/processed/whatsapp-20251028-184041.csv
2025-10-28 18:40:41.852 | SUCCESS  | wa_analyzer.preprocess:save:36 - Done!
2025-10-28 18:40:41.861 | INFO     | __main__:main:188 - Added gender column: {'female': 1310, 'male': 993, 'unknown': 325}
2025-10-28 18:40:41.869 | INFO     | __main__:main:229 - Unique authors BEFORE mapping (8): ['+31 6 49666835', 'Alberto Doncato', 'Fei', 'Florido Meacci', 'Ludovica', 'Ramunė Meacci', 'Shuyan', 'Unknown']
2025-10-28 18:40:41.870 | WARNING  | __main__:main:270 - anon_reference.json not found; applying fallback pseudonymization
2025-10-28 18:40:41.872 | INFO     | __main__:main:294 - Fallback pseudonymization produced 8 unique pseudonyms
2025-10-28 18:40:41.873 | INFO     | __main__:main:316 - Applied couples mapping using author_orig (matched 2303)
2025-10-28 18:40:41.900 | INFO     | __main__:main:381 - Removed 1 intermediate whatsapp-*.csv file(s)
2025-10-28 18:40:41.900 | SUCCESS  | __main__:main:383 - Cleaned & anonymized messages written to /Users/floridomeacci/Documents/hu-florido-v2/data/processed/output.csv and /Users/floridomeacci/Documents/hu-florido-v2/data/processed/output.parq
2025-10-28 18:46:40.683 | DEBUG    | wa_analyzer.preprocess:<module>:18 - Python path: ['/Users/floridomeacci/Documents/hu-florido-v2/src', '/Users/floridomeacci/.local/share/uv/python/cpython-3.12.11-macos-aarch64-none/lib/python312.zip', '/Users/floridomeacci/.local/share/uv/python/cpython-3.12.11-macos-aarch64-none/lib/python3.12', '/Users/floridomeacci/.local/share/uv/python/cpython-3.12.11-macos-aarch64-none/lib/python3.12/lib-dynload', '/Users/floridomeacci/Documents/hu-florido-v2/.venv/lib/python3.12/site-packages']
2025-10-28 18:46:40.684 | WARNING  | __main__:main:136 - /Users/floridomeacci/Documents/hu-florido-v2/output.csv does not exist. Please check the path in config.toml.
2025-10-28 18:46:40.684 | INFO     | wa_analyzer.preprocess:main:80 - Using old version regexes
2025-10-28 18:46:40.711 | INFO     | wa_analyzer.preprocess:process:68 - Found 2628 records
2025-10-28 18:46:40.711 | INFO     | wa_analyzer.preprocess:process:69 - Appended 108 records
2025-10-28 18:46:40.714 | INFO     | wa_analyzer.preprocess:save:34 - Writing to data/processed/whatsapp-20251028-184640.csv
2025-10-28 18:46:40.724 | SUCCESS  | wa_analyzer.preprocess:save:36 - Done!
2025-10-28 18:46:40.742 | INFO     | __main__:main:188 - Added gender column: {'male': 1314, 'female': 1310, 'unknown': 4}
2025-10-28 18:46:40.761 | INFO     | __main__:main:229 - Unique authors BEFORE mapping (7): ['Alberto Doncato', 'Fei', 'Florido Meacci', 'Ludovica', 'Ramunė Meacci', 'Shuyan', 'Unknown']
2025-10-28 18:46:40.762 | WARNING  | __main__:main:270 - anon_reference.json not found; applying fallback pseudonymization
2025-10-28 18:46:40.766 | INFO     | __main__:main:294 - Fallback pseudonymization produced 7 unique pseudonyms
2025-10-28 18:46:40.822 | INFO     | __main__:main:381 - Removed 1 intermediate whatsapp-*.csv file(s)
2025-10-28 18:46:40.822 | SUCCESS  | __main__:main:383 - Cleaned & anonymized messages written to /Users/floridomeacci/Documents/hu-florido-v2/data/processed/output.csv and /Users/floridomeacci/Documents/hu-florido-v2/data/processed/output.parq
2025-11-02 09:25:08.404 | DEBUG    | wa_analyzer.preprocess:<module>:18 - Python path: ['/Users/floridomeacci/Documents/hu-florido-v2/src', '/Users/floridomeacci/Documents/hu-florido-v2', '/Users/floridomeacci/.local/share/uv/python/cpython-3.12.11-macos-aarch64-none/lib/python312.zip', '/Users/floridomeacci/.local/share/uv/python/cpython-3.12.11-macos-aarch64-none/lib/python3.12', '/Users/floridomeacci/.local/share/uv/python/cpython-3.12.11-macos-aarch64-none/lib/python3.12/lib-dynload', '/Users/floridomeacci/Documents/hu-florido-v2/.venv/lib/python3.12/site-packages']
2025-11-02 09:25:09.144 | INFO     | __main__:main:34 - ============================================================
2025-11-02 09:25:09.144 | INFO     | __main__:main:35 - STARTING KEY FIGURES GENERATION PIPELINE
2025-11-02 09:25:09.144 | INFO     | __main__:main:36 - ============================================================
2025-11-02 09:25:09.144 | INFO     | __main__:main:39 - 
📊 Step 1: Running preprocessing...
2025-11-02 09:25:09.145 | WARNING  | myPreprocess:main:136 - /Users/floridomeacci/Documents/hu-florido-v2/output.csv does not exist. Please check the path in config.toml.
2025-11-02 09:25:09.145 | INFO     | wa_analyzer.preprocess:main:77 - Using old version regexes
2025-11-02 09:25:09.157 | INFO     | wa_analyzer.preprocess:process:65 - Found 2628 records
2025-11-02 09:25:09.157 | INFO     | wa_analyzer.preprocess:process:66 - Appended 108 records
2025-11-02 09:25:09.160 | INFO     | wa_analyzer.preprocess:save:34 - Writing to data/processed/whatsapp-20251102-092509.csv
2025-11-02 09:25:09.169 | SUCCESS  | wa_analyzer.preprocess:save:36 - Done!
2025-11-02 09:25:09.181 | INFO     | myPreprocess:main:188 - Added gender column: {'male': 1314, 'female': 1310, 'unknown': 4}
2025-11-02 09:25:09.191 | INFO     | myPreprocess:main:229 - Unique authors BEFORE mapping (7): ['Alberto Doncato', 'Fei', 'Florido Meacci', 'Ludovica', 'Ramunė Meacci', 'Shuyan', 'Unknown']
2025-11-02 09:25:09.191 | WARNING  | myPreprocess:main:270 - anon_reference.json not found; applying fallback pseudonymization
2025-11-02 09:25:09.194 | INFO     | myPreprocess:main:294 - Fallback pseudonymization produced 7 unique pseudonyms
2025-11-02 09:25:09.254 | INFO     | myPreprocess:main:381 - Removed 1 intermediate whatsapp-*.csv file(s)
2025-11-02 09:25:09.254 | SUCCESS  | myPreprocess:main:383 - Cleaned & anonymized messages written to /Users/floridomeacci/Documents/hu-florido-v2/data/processed/output.csv and /Users/floridomeacci/Documents/hu-florido-v2/data/processed/output.parq
2025-11-02 09:25:09.254 | SUCCESS  | __main__:main:42 - ✅ Preprocessing completed successfully
2025-11-02 09:25:09.254 | INFO     | __main__:main:48 - 
📊 Step 2: Loading processed data...
2025-11-02 09:25:09.309 | SUCCESS  | __main__:main:52 - ✅ Loaded 2628 messages
2025-11-02 09:25:09.309 | INFO     | __main__:main:58 - 
📊 Step 3: Generating visualizations...
2025-11-02 09:25:09.309 | INFO     | __main__:main:71 -   Generating relationship_4: Friends respond more if you use emoji's...
2025-11-02 09:25:10.002 | SUCCESS  | __main__:main:73 -   ✅ Generated: /Users/floridomeacci/Documents/hu-florido-v2/img/relationship_4.png
2025-11-02 09:25:10.002 | INFO     | __main__:main:71 -   Generating time_series_18: Time series analysis...
2025-11-02 09:25:10.995 | SUCCESS  | __main__:main:73 -   ✅ Generated: /Users/floridomeacci/Documents/hu-florido-v2/img/time_series_18.png
2025-11-02 09:25:10.995 | INFO     | __main__:main:71 -   Generating distribution_categories_2: Who texts when?...
2025-11-02 09:25:11.193 | SUCCESS  | __main__:main:73 -   ✅ Generated: /Users/floridomeacci/Documents/hu-florido-v2/img/distribution_categories_2.png
2025-11-02 09:25:11.193 | INFO     | __main__:main:71 -   Generating comparing_categories_2: Category comparison...
2025-11-02 09:25:11.479 | SUCCESS  | __main__:main:73 -   ✅ Generated: /Users/floridomeacci/Documents/hu-florido-v2/img/comparing_categories_2.png
2025-11-02 09:25:11.479 | INFO     | __main__:main:81 - 
📊 Step 4: Checking for additional figures...
2025-11-02 09:25:11.479 | INFO     | __main__:main:84 -   Found existing: /Users/floridomeacci/Documents/hu-florido-v2/img/distribution_response_times.png
2025-11-02 09:25:11.479 | INFO     | __main__:main:91 - 
============================================================
2025-11-02 09:25:11.479 | SUCCESS  | __main__:main:92 - COMPLETED: Generated 5 figures
2025-11-02 09:25:11.479 | INFO     | __main__:main:93 - ============================================================
2025-11-02 09:25:11.479 | INFO     | __main__:main:94 - 
Generated files:
2025-11-02 09:25:11.479 | INFO     | __main__:main:96 -   📈 /Users/floridomeacci/Documents/hu-florido-v2/img/relationship_4.png
2025-11-02 09:25:11.479 | INFO     | __main__:main:96 -   📈 /Users/floridomeacci/Documents/hu-florido-v2/img/time_series_18.png
2025-11-02 09:25:11.480 | INFO     | __main__:main:96 -   📈 /Users/floridomeacci/Documents/hu-florido-v2/img/distribution_categories_2.png
2025-11-02 09:25:11.480 | INFO     | __main__:main:96 -   📈 /Users/floridomeacci/Documents/hu-florido-v2/img/comparing_categories_2.png
2025-11-02 09:25:11.480 | INFO     | __main__:main:96 -   📈 /Users/floridomeacci/Documents/hu-florido-v2/img/distribution_response_times.png
2025-11-02 09:25:48.725 | DEBUG    | wa_analyzer.preprocess:<module>:18 - Python path: ['/Users/floridomeacci/Documents/hu-florido-v2/src', '/Users/floridomeacci/Documents/hu-florido-v2', '/Users/floridomeacci/.local/share/uv/python/cpython-3.12.11-macos-aarch64-none/lib/python312.zip', '/Users/floridomeacci/.local/share/uv/python/cpython-3.12.11-macos-aarch64-none/lib/python3.12', '/Users/floridomeacci/.local/share/uv/python/cpython-3.12.11-macos-aarch64-none/lib/python3.12/lib-dynload', '/Users/floridomeacci/Documents/hu-florido-v2/.venv/lib/python3.12/site-packages']
2025-11-02 09:25:49.343 | INFO     | __main__:main:34 - ============================================================
2025-11-02 09:25:49.343 | INFO     | __main__:main:35 - STARTING KEY FIGURES GENERATION PIPELINE
2025-11-02 09:25:49.343 | INFO     | __main__:main:36 - ============================================================
2025-11-02 09:25:49.343 | INFO     | __main__:main:39 - 
📊 Step 1: Running preprocessing...
2025-11-02 09:25:49.343 | WARNING  | myPreprocess:main:136 - /Users/floridomeacci/Documents/hu-florido-v2/output.csv does not exist. Please check the path in config.toml.
2025-11-02 09:25:49.344 | INFO     | wa_analyzer.preprocess:main:77 - Using old version regexes
2025-11-02 09:25:49.354 | INFO     | wa_analyzer.preprocess:process:65 - Found 2628 records
2025-11-02 09:25:49.354 | INFO     | wa_analyzer.preprocess:process:66 - Appended 108 records
2025-11-02 09:25:49.356 | INFO     | wa_analyzer.preprocess:save:34 - Writing to data/processed/whatsapp-20251102-092549.csv
2025-11-02 09:25:49.361 | SUCCESS  | wa_analyzer.preprocess:save:36 - Done!
2025-11-02 09:25:49.370 | INFO     | myPreprocess:main:188 - Added gender column: {'male': 1314, 'female': 1310, 'unknown': 4}
2025-11-02 09:25:49.378 | INFO     | myPreprocess:main:229 - Unique authors BEFORE mapping (7): ['Alberto Doncato', 'Fei', 'Florido Meacci', 'Ludovica', 'Ramunė Meacci', 'Shuyan', 'Unknown']
2025-11-02 09:25:49.378 | WARNING  | myPreprocess:main:270 - anon_reference.json not found; applying fallback pseudonymization
2025-11-02 09:25:49.380 | INFO     | myPreprocess:main:294 - Fallback pseudonymization produced 7 unique pseudonyms
2025-11-02 09:25:49.427 | INFO     | myPreprocess:main:381 - Removed 1 intermediate whatsapp-*.csv file(s)
2025-11-02 09:25:49.427 | SUCCESS  | myPreprocess:main:383 - Cleaned & anonymized messages written to /Users/floridomeacci/Documents/hu-florido-v2/data/processed/output.csv and /Users/floridomeacci/Documents/hu-florido-v2/data/processed/output.parq
2025-11-02 09:25:49.427 | SUCCESS  | __main__:main:42 - ✅ Preprocessing completed successfully
2025-11-02 09:25:49.427 | INFO     | __main__:main:48 - 
📊 Step 2: Loading processed data...
2025-11-02 09:25:49.467 | SUCCESS  | __main__:main:52 - ✅ Loaded 2628 messages
2025-11-02 09:25:49.467 | INFO     | __main__:main:58 - 
📊 Step 3: Generating visualizations...
2025-11-02 09:25:49.467 | INFO     | __main__:main:71 -   Generating relationship_4: Friends respond more if you use emoji's...
2025-11-02 09:25:50.112 | SUCCESS  | __main__:main:73 -   ✅ Generated: /Users/floridomeacci/Documents/hu-florido-v2/img/relationship_4.png
2025-11-02 09:25:50.112 | INFO     | __main__:main:71 -   Generating time_series_18: Time series analysis...
2025-11-02 09:25:51.026 | SUCCESS  | __main__:main:73 -   ✅ Generated: /Users/floridomeacci/Documents/hu-florido-v2/img/time_series_18.png
2025-11-02 09:25:51.026 | INFO     | __main__:main:71 -   Generating distribution_categories_2: Who texts when?...
2025-11-02 09:25:51.218 | SUCCESS  | __main__:main:73 -   ✅ Generated: /Users/floridomeacci/Documents/hu-florido-v2/img/distribution_categories_2.png
2025-11-02 09:25:51.219 | INFO     | __main__:main:71 -   Generating comparing_categories_2: Category comparison...
2025-11-02 09:25:51.497 | SUCCESS  | __main__:main:73 -   ✅ Generated: /Users/floridomeacci/Documents/hu-florido-v2/img/comparing_categories_2.png
2025-11-02 09:25:51.497 | INFO     | __main__:main:81 - 
📊 Step 4: Checking for additional figures...
2025-11-02 09:25:51.497 | WARNING  | __main__:main:87 -   ⚠️  distribution_response_times.png not found
2025-11-02 09:25:51.497 | WARNING  | __main__:main:88 -      This figure may need to be generated separately
2025-11-02 09:25:51.497 | INFO     | __main__:main:91 - 
============================================================
2025-11-02 09:25:51.497 | SUCCESS  | __main__:main:92 - COMPLETED: Generated 4 figures
2025-11-02 09:25:51.497 | INFO     | __main__:main:93 - ============================================================
2025-11-02 09:25:51.497 | INFO     | __main__:main:94 - 
Generated files:
2025-11-02 09:25:51.497 | INFO     | __main__:main:96 -   📈 /Users/floridomeacci/Documents/hu-florido-v2/img/relationship_4.png
2025-11-02 09:25:51.497 | INFO     | __main__:main:96 -   📈 /Users/floridomeacci/Documents/hu-florido-v2/img/time_series_18.png
2025-11-02 09:25:51.497 | INFO     | __main__:main:96 -   📈 /Users/floridomeacci/Documents/hu-florido-v2/img/distribution_categories_2.png
2025-11-02 09:25:51.497 | INFO     | __main__:main:96 -   📈 /Users/floridomeacci/Documents/hu-florido-v2/img/comparing_categories_2.png
2025-11-02 09:28:45.162 | DEBUG    | wa_analyzer.preprocess:<module>:18 - Python path: ['/Users/floridomeacci/Documents/hu-florido-v2/src', '/Users/floridomeacci/Documents/hu-florido-v2', '/Users/floridomeacci/.local/share/uv/python/cpython-3.12.11-macos-aarch64-none/lib/python312.zip', '/Users/floridomeacci/.local/share/uv/python/cpython-3.12.11-macos-aarch64-none/lib/python3.12', '/Users/floridomeacci/.local/share/uv/python/cpython-3.12.11-macos-aarch64-none/lib/python3.12/lib-dynload', '/Users/floridomeacci/Documents/hu-florido-v2/.venv/lib/python3.12/site-packages']
2025-11-02 09:28:45.864 | INFO     | __main__:main:35 - ============================================================
2025-11-02 09:28:45.864 | INFO     | __main__:main:36 - STARTING KEY FIGURES GENERATION PIPELINE
2025-11-02 09:28:45.864 | INFO     | __main__:main:37 - ============================================================
2025-11-02 09:28:45.864 | INFO     | __main__:main:40 - 
📊 Step 1: Running preprocessing...
2025-11-02 09:28:45.864 | WARNING  | myPreprocess:main:136 - /Users/floridomeacci/Documents/hu-florido-v2/output.csv does not exist. Please check the path in config.toml.
2025-11-02 09:28:45.865 | INFO     | wa_analyzer.preprocess:main:77 - Using old version regexes
2025-11-02 09:28:45.875 | INFO     | wa_analyzer.preprocess:process:65 - Found 2628 records
2025-11-02 09:28:45.875 | INFO     | wa_analyzer.preprocess:process:66 - Appended 108 records
2025-11-02 09:28:45.877 | INFO     | wa_analyzer.preprocess:save:34 - Writing to data/processed/whatsapp-20251102-092845.csv
2025-11-02 09:28:45.882 | SUCCESS  | wa_analyzer.preprocess:save:36 - Done!
2025-11-02 09:28:45.892 | INFO     | myPreprocess:main:188 - Added gender column: {'male': 1314, 'female': 1310, 'unknown': 4}
2025-11-02 09:28:45.900 | INFO     | myPreprocess:main:229 - Unique authors BEFORE mapping (7): ['Alberto Doncato', 'Fei', 'Florido Meacci', 'Ludovica', 'Ramunė Meacci', 'Shuyan', 'Unknown']
2025-11-02 09:28:45.900 | WARNING  | myPreprocess:main:270 - anon_reference.json not found; applying fallback pseudonymization
2025-11-02 09:28:45.902 | INFO     | myPreprocess:main:294 - Fallback pseudonymization produced 7 unique pseudonyms
2025-11-02 09:28:45.950 | INFO     | myPreprocess:main:381 - Removed 1 intermediate whatsapp-*.csv file(s)
2025-11-02 09:28:45.950 | SUCCESS  | myPreprocess:main:383 - Cleaned & anonymized messages written to /Users/floridomeacci/Documents/hu-florido-v2/data/processed/output.csv and /Users/floridomeacci/Documents/hu-florido-v2/data/processed/output.parq
2025-11-02 09:28:45.951 | SUCCESS  | __main__:main:43 - ✅ Preprocessing completed successfully
2025-11-02 09:28:45.951 | INFO     | __main__:main:49 - 
📊 Step 2: Loading processed data...
2025-11-02 09:28:45.991 | SUCCESS  | __main__:main:53 - ✅ Loaded 2628 messages
2025-11-02 09:28:45.991 | INFO     | __main__:main:59 - 
📊 Step 3: Generating visualizations...
2025-11-02 09:28:45.991 | INFO     | __main__:main:73 -   Generating distribution_response_times: Men reply quicker on average...
2025-11-02 09:28:46.372 | SUCCESS  | __main__:main:75 -   ✅ Generated: /Users/floridomeacci/Documents/hu-florido-v2/img/distribution_response_times.png
2025-11-02 09:28:46.372 | INFO     | __main__:main:73 -   Generating relationship_4: Friends respond more if you use emoji's...
2025-11-02 09:28:46.937 | SUCCESS  | __main__:main:75 -   ✅ Generated: /Users/floridomeacci/Documents/hu-florido-v2/img/relationship_4.png
2025-11-02 09:28:46.937 | INFO     | __main__:main:73 -   Generating time_series_18: Time series analysis...
2025-11-02 09:28:47.947 | SUCCESS  | __main__:main:75 -   ✅ Generated: /Users/floridomeacci/Documents/hu-florido-v2/img/time_series_18.png
2025-11-02 09:28:47.947 | INFO     | __main__:main:73 -   Generating distribution_categories_2: Who texts when?...
2025-11-02 09:28:48.152 | SUCCESS  | __main__:main:75 -   ✅ Generated: /Users/floridomeacci/Documents/hu-florido-v2/img/distribution_categories_2.png
2025-11-02 09:28:48.152 | INFO     | __main__:main:73 -   Generating comparing_categories_2: Category comparison...
2025-11-02 09:28:48.467 | SUCCESS  | __main__:main:75 -   ✅ Generated: /Users/floridomeacci/Documents/hu-florido-v2/img/comparing_categories_2.png
2025-11-02 09:28:48.467 | INFO     | __main__:main:83 - 
============================================================
2025-11-02 09:28:48.467 | SUCCESS  | __main__:main:84 - COMPLETED: Generated 5 figures
2025-11-02 09:28:48.467 | INFO     | __main__:main:85 - ============================================================
2025-11-02 09:28:48.467 | INFO     | __main__:main:86 - 
Generated files:
2025-11-02 09:28:48.467 | INFO     | __main__:main:88 -   📈 /Users/floridomeacci/Documents/hu-florido-v2/img/distribution_response_times.png
2025-11-02 09:28:48.467 | INFO     | __main__:main:88 -   📈 /Users/floridomeacci/Documents/hu-florido-v2/img/relationship_4.png
2025-11-02 09:28:48.467 | INFO     | __main__:main:88 -   📈 /Users/floridomeacci/Documents/hu-florido-v2/img/time_series_18.png
2025-11-02 09:28:48.467 | INFO     | __main__:main:88 -   📈 /Users/floridomeacci/Documents/hu-florido-v2/img/distribution_categories_2.png
2025-11-02 09:28:48.467 | INFO     | __main__:main:88 -   📈 /Users/floridomeacci/Documents/hu-florido-v2/img/comparing_categories_2.png
2025-11-02 11:04:05.906 | DEBUG    | wa_analyzer.preprocess:<module>:18 - Python path: ['/Users/floridomeacci/Documents/hu-florido-v2/src', '/Users/floridomeacci/.local/share/uv/python/cpython-3.12.11-macos-aarch64-none/lib/python312.zip', '/Users/floridomeacci/.local/share/uv/python/cpython-3.12.11-macos-aarch64-none/lib/python3.12', '/Users/floridomeacci/.local/share/uv/python/cpython-3.12.11-macos-aarch64-none/lib/python3.12/lib-dynload', '/Users/floridomeacci/Documents/hu-florido-v2/.venv/lib/python3.12/site-packages']
2025-11-02 11:04:05.908 | INFO     | wa_analyzer.preprocess:main:77 - Using old version regexes
2025-11-02 11:04:05.919 | INFO     | wa_analyzer.preprocess:process:65 - Found 2628 records
2025-11-02 11:04:05.919 | INFO     | wa_analyzer.preprocess:process:66 - Appended 108 records
2025-11-02 11:04:05.921 | INFO     | wa_analyzer.preprocess:save:34 - Writing to data/processed/whatsapp-20251102-110405.csv
2025-11-02 11:04:05.926 | SUCCESS  | wa_analyzer.preprocess:save:36 - Done!
2025-11-02 11:05:52.125 | DEBUG    | wa_analyzer.preprocess:<module>:18 - Python path: ['/Users/floridomeacci/Documents/hu-florido-v2/src', '/Users/floridomeacci/.local/share/uv/python/cpython-3.12.11-macos-aarch64-none/lib/python312.zip', '/Users/floridomeacci/.local/share/uv/python/cpython-3.12.11-macos-aarch64-none/lib/python3.12', '/Users/floridomeacci/.local/share/uv/python/cpython-3.12.11-macos-aarch64-none/lib/python3.12/lib-dynload', '/Users/floridomeacci/Documents/hu-florido-v2/.venv/lib/python3.12/site-packages']
2025-11-02 11:05:52.125 | INFO     | wa_analyzer.preprocess:main:77 - Using old version regexes
2025-11-02 11:05:52.136 | INFO     | wa_analyzer.preprocess:process:65 - Found 2628 records
2025-11-02 11:05:52.136 | INFO     | wa_analyzer.preprocess:process:66 - Appended 108 records
2025-11-02 11:05:52.138 | INFO     | wa_analyzer.preprocess:save:34 - Writing to data/processed/whatsapp-20251102-110552.csv
2025-11-02 11:05:52.143 | SUCCESS  | wa_analyzer.preprocess:save:36 - Done!
2025-11-02 11:08:09.610 | DEBUG    | wa_analyzer.preprocess:<module>:18 - Python path: ['/Users/floridomeacci/Documents/hu-florido-v2/src', '/Users/floridomeacci/.local/share/uv/python/cpython-3.12.11-macos-aarch64-none/lib/python312.zip', '/Users/floridomeacci/.local/share/uv/python/cpython-3.12.11-macos-aarch64-none/lib/python3.12', '/Users/floridomeacci/.local/share/uv/python/cpython-3.12.11-macos-aarch64-none/lib/python3.12/lib-dynload', '/Users/floridomeacci/Documents/hu-florido-v2/.venv/lib/python3.12/site-packages']
2025-11-02 11:08:09.611 | INFO     | wa_analyzer.preprocess:main:77 - Using old version regexes
2025-11-02 11:08:09.622 | INFO     | wa_analyzer.preprocess:process:65 - Found 2628 records
2025-11-02 11:08:09.622 | INFO     | wa_analyzer.preprocess:process:66 - Appended 108 records
2025-11-02 11:08:09.623 | INFO     | wa_analyzer.preprocess:save:34 - Writing to data/processed/whatsapp-20251102-110809.csv
2025-11-02 11:08:09.628 | SUCCESS  | wa_analyzer.preprocess:save:36 - Done!
2025-11-02 11:10:01.669 | DEBUG    | wa_analyzer.preprocess:<module>:18 - Python path: ['/Users/floridomeacci/Documents/hu-florido-v2/src', '/Users/floridomeacci/.local/share/uv/python/cpython-3.12.11-macos-aarch64-none/lib/python312.zip', '/Users/floridomeacci/.local/share/uv/python/cpython-3.12.11-macos-aarch64-none/lib/python3.12', '/Users/floridomeacci/.local/share/uv/python/cpython-3.12.11-macos-aarch64-none/lib/python3.12/lib-dynload', '/Users/floridomeacci/Documents/hu-florido-v2/.venv/lib/python3.12/site-packages']
2025-11-02 11:10:01.670 | INFO     | wa_analyzer.preprocess:main:77 - Using old version regexes
2025-11-02 11:10:01.680 | INFO     | wa_analyzer.preprocess:process:65 - Found 2628 records
2025-11-02 11:10:01.680 | INFO     | wa_analyzer.preprocess:process:66 - Appended 108 records
2025-11-02 11:10:01.682 | INFO     | wa_analyzer.preprocess:save:34 - Writing to data/processed/whatsapp-20251102-111001.csv
2025-11-02 11:10:01.687 | SUCCESS  | wa_analyzer.preprocess:save:36 - Done!
